#
# A fatal error has been detected by the Java Runtime Environment:
#
#  EXCEPTION_ACCESS_VIOLATION (0xc0000005) at pc=0x000007feda4920e0, pid=1488, tid=0x0000000000000a6c
#
# JRE version: Java(TM) SE Runtime Environment (8.0_121-b13) (build 1.8.0_121-b13)
# Java VM: Java HotSpot(TM) 64-Bit Server VM (25.121-b13 mixed mode windows-amd64 compressed oops)
# Problematic frame:
# C  [opencv_core342.dll+0x620e0]
#
# Failed to write core dump. Minidumps are not enabled by default on client versions of Windows
#
# If you would like to submit a bug report, please visit:
#   http://bugreport.java.com/bugreport/crash.jsp
# The crash happened outside the Java Virtual Machine in native code.
# See problematic frame for where to report the bug.
#

---------------  T H R E A D  ---------------

Current thread (0x000000000234a000):  JavaThread "main" [_thread_in_native, id=2668, stack(0x0000000002560000,0x0000000002660000)]

siginfo: ExceptionCode=0xc0000005, reading address 0x00000000eef30a1a

Registers:
RAX=0x0000000000000000, RBX=0x00000000eef30a1a, RCX=0x00000000000000fe, RDX=0x0000000000000000
RSP=0x000000000265eaa0, RBP=0x0000000002551b2c, RSI=0x0000000000000000, RDI=0xffffffff13621112
R8 =0x00000000eef30a1a, R9 =0xfffffffffffbe4d4, R10=0xffffffff135df5e6, R11=0x000000000265eb28
R12=0x0000000000000000, R13=0x0000000000000384, R14=0x0000000002510000, R15=0x00000000eeeeeeee
RIP=0x000007feda4920e0, EFLAGS=0x0000000000010287

Top of Stack: (sp=0x000000000265eaa0)
0x000000000265eaa0:   000000000265ecb0 00000000ffffffff
0x000000000265eab0:   0000000000000000 0000000000000001
0x000000000265eac0:   000000000265ebd0 000007feda491c18
0x000000000265ead0:   0000000000000000 0000000000000384
0x000000000265eae0:   0000000000000003 0000000000000000
0x000000000265eaf0:   000000000265eb28 0000000000000003
0x000000000265eb00:   0000012c0000012c 0000000000000000
0x000000000265eb10:   0000000000000000 0000012c0000012c
0x000000000265eb20:   000049b4c5068ac9 0000012c00000384
0x000000000265eb30:   000000000265edc0 000000000265efb0
0x000000000265eb40:   000000000265ec19 000007feda520d8d
0x000000000265eb50:   0000000059aec1c0 00000000c0000138
0x000000000265eb60:   0000000000000000 fffffffffffffffe
0x000000000265eb70:   0000000242ff4010 0000012c0000012c
0x000000000265eb80:   0000000002510000 0000000002510000
0x000000000265eb90:   0000000002551eb0 0000000002551eb0 

Instructions: (pc=0x000007feda4920e0)
0x000007feda4920c0:   3b c1 7e dc 41 3b 03 7d 33 4d 8d 04 19 4d 8b d6
0x000007feda4920d0:   4d 8b cf 4c 2b d3 4c 2b cb 48 8b fd 48 2b fb 90
0x000007feda4920e0:   41 0f b6 08 ff c0 43 0f b6 14 08 43 88 0c 10 41
0x000007feda4920f0:   88 14 38 4d 8d 40 01 41 3b 03 7c e4 41 8b 43 04 


Register to memory mapping:

RAX=0x0000000000000000 is an unknown value
RBX=0x00000000eef30a1a is an unallocated location in the heap
RCX=0x00000000000000fe is an unknown value
RDX=0x0000000000000000 is an unknown value
RSP=0x000000000265eaa0 is pointing into the stack for thread: 0x000000000234a000
RBP=0x0000000002551b2c is an unknown value
RSI=0x0000000000000000 is an unknown value
RDI=0xffffffff13621112 is an unknown value
R8 =0x00000000eef30a1a is an unallocated location in the heap
R9 =0xfffffffffffbe4d4 is an unknown value
R10=0xffffffff135df5e6 is an unknown value
R11=0x000000000265eb28 is pointing into the stack for thread: 0x000000000234a000
R12=0x0000000000000000 is an unknown value
R13=0x0000000000000384 is an unknown value
R14=0x0000000002510000 is an unknown value
R15=0x00000000eeeeeeee is an unallocated location in the heap


Stack: [0x0000000002560000,0x0000000002660000],  sp=0x000000000265eaa0,  free space=1018k
Native frames: (J=compiled Java code, j=interpreted, Vv=VM code, C=native code)
C  [opencv_core342.dll+0x620e0]
C  [opencv_core342.dll+0x61c18]
C  [opencv_core342.dll+0x6478b]
C  [opencv_imgcodecs342.dll+0x10d46]
C  [opencv_highgui342.dll+0xa81f]
C  [opencv_highgui342.dll+0x2b1c]
C  [jniopencv_highgui.dll+0xcaa3]
C  0x00000000027d7f54

Java frames: (J=compiled Java code, j=interpreted, Vv=VM code)
j  org.bytedeco.javacpp.opencv_highgui.imshow(Ljava/lang/String;Lorg/bytedeco/javacpp/opencv_core$Mat;)V+0
j  cn.edu.usts.test.Dev_Test.matExpr()V+27
j  cn.edu.usts.test.Dev_Test.main([Ljava/lang/String;)V+0
v  ~StubRoutines::call_stub

---------------  P R O C E S S  ---------------

Java Threads: ( => current thread )
  0x0000000059c21000 JavaThread "JavaCPP Deallocator" daemon [_thread_blocked, id=5884, stack(0x00000000597f0000,0x00000000598f0000)]
  0x00000000589d2800 JavaThread "Service Thread" daemon [_thread_blocked, id=4328, stack(0x0000000059570000,0x0000000059670000)]
  0x00000000589b5000 JavaThread "C1 CompilerThread2" daemon [_thread_blocked, id=3656, stack(0x00000000593c0000,0x00000000594c0000)]
  0x0000000058961800 JavaThread "C2 CompilerThread1" daemon [_thread_blocked, id=7528, stack(0x0000000058d90000,0x0000000058e90000)]
  0x0000000058960000 JavaThread "C2 CompilerThread0" daemon [_thread_blocked, id=5432, stack(0x0000000059210000,0x0000000059310000)]
  0x000000005895b000 JavaThread "Monitor Ctrl-Break" daemon [_thread_in_native, id=4896, stack(0x0000000059050000,0x0000000059150000)]
  0x0000000057561000 JavaThread "Attach Listener" daemon [_thread_blocked, id=7316, stack(0x0000000058e90000,0x0000000058f90000)]
  0x0000000057560800 JavaThread "Signal Dispatcher" daemon [_thread_blocked, id=4820, stack(0x0000000058610000,0x0000000058710000)]
  0x0000000057546800 JavaThread "Finalizer" daemon [_thread_blocked, id=2144, stack(0x00000000587a0000,0x00000000588a0000)]
  0x0000000057505000 JavaThread "Reference Handler" daemon [_thread_blocked, id=6008, stack(0x00000000584d0000,0x00000000585d0000)]
=>0x000000000234a000 JavaThread "main" [_thread_in_native, id=2668, stack(0x0000000002560000,0x0000000002660000)]

Other Threads:
  0x00000000574fd800 VMThread [stack: 0x00000000583d0000,0x00000000584d0000] [id=6776]
  0x0000000058a17000 WatcherThread [stack: 0x0000000059900000,0x0000000059a00000] [id=3784]

VM state:not at safepoint (normal execution)

VM Mutex/Monitor currently owned by a thread: None

Heap:
 PSYoungGen      total 38400K, used 29578K [0x00000000d5c00000, 0x00000000d8680000, 0x0000000100000000)
  eden space 33280K, 82% used [0x00000000d5c00000,0x00000000d76a9748,0x00000000d7c80000)
  from space 5120K, 44% used [0x00000000d7c80000,0x00000000d7eb91c8,0x00000000d8180000)
  to   space 5120K, 0% used [0x00000000d8180000,0x00000000d8180000,0x00000000d8680000)
 ParOldGen       total 87552K, used 8K [0x0000000081400000, 0x0000000086980000, 0x00000000d5c00000)
  object space 87552K, 0% used [0x0000000081400000,0x0000000081402000,0x0000000086980000)
 Metaspace       used 7118K, capacity 7430K, committed 7680K, reserved 1056768K
  class space    used 728K, capacity 753K, committed 768K, reserved 1048576K

Card table byte_map: [0x0000000011b80000,0x0000000011f80000] byte_map_base: 0x0000000011776000

Marking Bits: (ParMarkBitMap*) 0x000000005d6eb6d0
 Begin Bits: [0x0000000012810000, 0x00000000147c0000)
 End Bits:   [0x00000000147c0000, 0x0000000016770000)

Polling page: 0x0000000000130000

CodeCache: size=245760Kb used=3176Kb max_used=3192Kb free=242583Kb
 bounds [0x00000000027c0000, 0x0000000002af0000, 0x00000000117c0000]
 total_blobs=968 nmethods=565 adapters=316
 compilation: enabled

Compilation events (10 events):
Event: 1.821 Thread 0x0000000058960000  560       4       java.io.File::<init> (113 bytes)
Event: 1.830 Thread 0x0000000058961800  561   !   4       sun.misc.URLClassPath$FileLoader::getResource (164 bytes)
Event: 1.847 Thread 0x0000000058960000 nmethod 560 0x0000000002ad9390 code [0x0000000002ad9560, 0x0000000002ada3a8]
Event: 1.864 Thread 0x0000000058960000  562       4       java.util.ArrayList::get (11 bytes)
Event: 1.864 Thread 0x0000000058960000 nmethod 562 0x0000000002ad63d0 code [0x0000000002ad6500, 0x0000000002ad65b8]
Event: 1.889 Thread 0x0000000058961800 nmethod 561 0x0000000002ade950 code [0x0000000002adebe0, 0x0000000002ae0b20]
Event: 1.970 Thread 0x00000000589b5000  564       3       java.nio.charset.CharsetDecoder::flush (49 bytes)
Event: 1.970 Thread 0x00000000589b5000 nmethod 564 0x0000000002ad5910 code [0x0000000002ad5aa0, 0x0000000002ad5e98]
Event: 2.018 Thread 0x0000000058960000  565       4       java.util.ArrayList$Itr::hasNext (20 bytes)
Event: 2.018 Thread 0x0000000058960000 nmethod 565 0x0000000002ade710 code [0x0000000002ade840, 0x0000000002ade8b8]

GC Heap History (2 events):
Event: 1.207 GC heap before
{Heap before GC invocations=1 (full 0):
 PSYoungGen      total 38400K, used 33280K [0x00000000d5c00000, 0x00000000d8680000, 0x0000000100000000)
  eden space 33280K, 100% used [0x00000000d5c00000,0x00000000d7c80000,0x00000000d7c80000)
  from space 5120K, 0% used [0x00000000d8180000,0x00000000d8180000,0x00000000d8680000)
  to   space 5120K, 0% used [0x00000000d7c80000,0x00000000d7c80000,0x00000000d8180000)
 ParOldGen       total 87552K, used 0K [0x0000000081400000, 0x0000000086980000, 0x00000000d5c00000)
  object space 87552K, 0% used [0x0000000081400000,0x0000000081400000,0x0000000086980000)
 Metaspace       used 6370K, capacity 6816K, committed 6912K, reserved 1056768K
  class space    used 685K, capacity 720K, committed 768K, reserved 1048576K
Event: 1.218 GC heap after
Heap after GC invocations=1 (full 0):
 PSYoungGen      total 38400K, used 2276K [0x00000000d5c00000, 0x00000000d8680000, 0x0000000100000000)
  eden space 33280K, 0% used [0x00000000d5c00000,0x00000000d5c00000,0x00000000d7c80000)
  from space 5120K, 44% used [0x00000000d7c80000,0x00000000d7eb91c8,0x00000000d8180000)
  to   space 5120K, 0% used [0x00000000d8180000,0x00000000d8180000,0x00000000d8680000)
 ParOldGen       total 87552K, used 8K [0x0000000081400000, 0x0000000086980000, 0x00000000d5c00000)
  object space 87552K, 0% used [0x0000000081400000,0x0000000081402000,0x0000000086980000)
 Metaspace       used 6370K, capacity 6816K, committed 6912K, reserved 1056768K
  class space    used 685K, capacity 720K, committed 768K, reserved 1048576K
}

Deoptimization events (0 events):
No events

Internal exceptions (8 events):
Event: 0.037 Thread 0x000000000234a000 Exception <a 'java/lang/NoSuchMethodError': Method sun.misc.Unsafe.defineClass(Ljava/lang/String;[BII)Ljava/lang/Class; name or signature does not match> (0x00000000d5c07ca8) thrown at [C:\re\workspace\8-2-build-windows-amd64-cygwin\jdk8u121\8372\hotspot\
Event: 0.037 Thread 0x000000000234a000 Exception <a 'java/lang/NoSuchMethodError': Method sun.misc.Unsafe.prefetchRead(Ljava/lang/Object;J)V name or signature does not match> (0x00000000d5c07f90) thrown at [C:\re\workspace\8-2-build-windows-amd64-cygwin\jdk8u121\8372\hotspot\src\share\vm\prims
Event: 0.153 Thread 0x000000000234a000 Exception <a 'java/security/PrivilegedActionException'> (0x00000000d5d36220) thrown at [C:\re\workspace\8-2-build-windows-amd64-cygwin\jdk8u121\8372\hotspot\src\share\vm\prims\jvm.cpp, line 1390]
Event: 0.153 Thread 0x000000000234a000 Exception <a 'java/security/PrivilegedActionException'> (0x00000000d5d36430) thrown at [C:\re\workspace\8-2-build-windows-amd64-cygwin\jdk8u121\8372\hotspot\src\share\vm\prims\jvm.cpp, line 1390]
Event: 0.242 Thread 0x000000000234a000 Exception <a 'java/security/PrivilegedActionException'> (0x00000000d6093380) thrown at [C:\re\workspace\8-2-build-windows-amd64-cygwin\jdk8u121\8372\hotspot\src\share\vm\prims\jvm.cpp, line 1390]
Event: 0.242 Thread 0x000000000234a000 Exception <a 'java/security/PrivilegedActionException'> (0x00000000d6093590) thrown at [C:\re\workspace\8-2-build-windows-amd64-cygwin\jdk8u121\8372\hotspot\src\share\vm\prims\jvm.cpp, line 1390]
Event: 0.243 Thread 0x000000000234a000 Exception <a 'java/security/PrivilegedActionException'> (0x00000000d60974a0) thrown at [C:\re\workspace\8-2-build-windows-amd64-cygwin\jdk8u121\8372\hotspot\src\share\vm\prims\jvm.cpp, line 1390]
Event: 0.243 Thread 0x000000000234a000 Exception <a 'java/security/PrivilegedActionException'> (0x00000000d60976b0) thrown at [C:\re\workspace\8-2-build-windows-amd64-cygwin\jdk8u121\8372\hotspot\src\share\vm\prims\jvm.cpp, line 1390]

Events (10 events):
Event: 2.054 loading class org/bytedeco/javacpp/opencv_highgui$CvButtonCallback
Event: 2.054 loading class org/bytedeco/javacpp/opencv_highgui$CvButtonCallback done
Event: 2.054 loading class org/bytedeco/javacpp/opencv_highgui$Pt2Func_int_byte__
Event: 2.054 loading class org/bytedeco/javacpp/opencv_highgui$Pt2Func_int_byte__ done
Event: 2.055 loading class org/bytedeco/javacpp/opencv_highgui$Pt2Func_int_ByteBuffer
Event: 2.055 loading class org/bytedeco/javacpp/opencv_highgui$Pt2Func_int_ByteBuffer done
Event: 2.055 loading class org/bytedeco/javacpp/opencv_highgui$Pt2Func_int_BytePointer
Event: 2.055 loading class org/bytedeco/javacpp/opencv_highgui$Pt2Func_int_BytePointer done
Event: 2.055 loading class org/bytedeco/javacpp/opencv_highgui$Pt2Func_int_PointerPointer
Event: 2.055 loading class org/bytedeco/javacpp/opencv_highgui$Pt2Func_int_PointerPointer done


Dynamic libraries:
0x000000013f5f0000 - 0x000000013f627000 	C:\Program Files\Java\jdk1.8.0_121\bin\java.exe
0x0000000076db0000 - 0x0000000076f5a000 	C:\windows\SYSTEM32\ntdll.dll
0x0000000076b90000 - 0x0000000076caf000 	C:\windows\system32\kernel32.dll
0x000007fefc8d0000 - 0x000007fefc93a000 	C:\windows\system32\KERNELBASE.dll
0x000007fefd690000 - 0x000007fefd76b000 	C:\windows\system32\ADVAPI32.dll
0x000007fefdac0000 - 0x000007fefdb5f000 	C:\windows\system32\msvcrt.dll
0x000007fefd670000 - 0x000007fefd68f000 	C:\windows\SYSTEM32\sechost.dll
0x000007fefef90000 - 0x000007feff0bd000 	C:\windows\system32\RPCRT4.dll
0x0000000076cb0000 - 0x0000000076daa000 	C:\windows\system32\USER32.dll
0x000007fefd040000 - 0x000007fefd0a7000 	C:\windows\system32\GDI32.dll
0x000007fefd0b0000 - 0x000007fefd0be000 	C:\windows\system32\LPK.dll
0x000007fefd270000 - 0x000007fefd33a000 	C:\windows\system32\USP10.dll
0x000007fefb410000 - 0x000007fefb604000 	C:\windows\WinSxS\amd64_microsoft.windows.common-controls_6595b64144ccf1df_6.0.7601.18837_none_fa3b1e3d17594757\COMCTL32.dll
0x000007fefdca0000 - 0x000007fefdd11000 	C:\windows\system32\SHLWAPI.dll
0x000007fefd340000 - 0x000007fefd36e000 	C:\windows\system32\IMM32.DLL
0x000007fefd0c0000 - 0x000007fefd1c9000 	C:\windows\system32\MSCTF.dll
0x0000000060a30000 - 0x0000000060b02000 	C:\Program Files\Java\jdk1.8.0_121\jre\bin\msvcr100.dll
0x000000005ced0000 - 0x000000005d76b000 	C:\Program Files\Java\jdk1.8.0_121\jre\bin\server\jvm.dll
0x000007fef2ba0000 - 0x000007fef2ba9000 	C:\windows\system32\WSOCK32.dll
0x000007fefebe0000 - 0x000007fefec2d000 	C:\windows\system32\WS2_32.dll
0x000007fefdd20000 - 0x000007fefdd28000 	C:\windows\system32\NSI.dll
0x000007fefcbf0000 - 0x000007fefcc2b000 	C:\windows\system32\WINMM.dll
0x000007fefb930000 - 0x000007fefb93c000 	C:\windows\system32\VERSION.dll
0x0000000076f80000 - 0x0000000076f87000 	C:\windows\system32\PSAPI.DLL
0x00000000735f0000 - 0x00000000735ff000 	C:\Program Files\Java\jdk1.8.0_121\jre\bin\verify.dll
0x00000000735c0000 - 0x00000000735e9000 	C:\Program Files\Java\jdk1.8.0_121\jre\bin\java.dll
0x0000000072fd0000 - 0x0000000072ff3000 	C:\Program Files\Java\jdk1.8.0_121\jre\bin\instrument.dll
0x0000000073000000 - 0x0000000073016000 	C:\Program Files\Java\jdk1.8.0_121\jre\bin\zip.dll
0x000007fefddb0000 - 0x000007fefeb39000 	C:\windows\system32\SHELL32.dll
0x000007fefd470000 - 0x000007fefd66c000 	C:\windows\system32\ole32.dll
0x000007fefc880000 - 0x000007fefc88f000 	C:\windows\system32\profapi.dll
0x000007fee9320000 - 0x000007fee933a000 	D:\Program Files\JetBrains\IntelliJ IDEA 2018.2.5\bin\breakgen64.dll
0x0000000067940000 - 0x000000006795a000 	C:\Program Files\Java\jdk1.8.0_121\jre\bin\net.dll
0x000007fefc020000 - 0x000007fefc075000 	C:\windows\system32\mswsock.dll
0x000007fefc010000 - 0x000007fefc017000 	C:\windows\System32\wship6.dll
0x000007fef7fc0000 - 0x000007fef7fc3000 	C:\Program Files (x86)\Windows Kits\10\Redist\ucrt\DLLs\x64\api-ms-win-crt-locale-l1-1-0.dll
0x000007fef83e0000 - 0x000007fef83e4000 	C:\Program Files (x86)\Windows Kits\10\Redist\ucrt\DLLs\x64\api-ms-win-crt-string-l1-1-0.dll
0x000007fee9670000 - 0x000007fee9674000 	C:\Program Files (x86)\Windows Kits\10\Redist\ucrt\DLLs\x64\api-ms-win-crt-stdio-l1-1-0.dll
0x000007fee9390000 - 0x000007fee9395000 	C:\Program Files (x86)\Windows Kits\10\Redist\ucrt\DLLs\x64\api-ms-win-crt-math-l1-1-0.dll
0x000007fee9350000 - 0x000007fee9353000 	C:\Program Files (x86)\Windows Kits\10\Redist\ucrt\DLLs\x64\api-ms-win-crt-heap-l1-1-0.dll
0x000007fee9340000 - 0x000007fee9344000 	C:\Program Files (x86)\Windows Kits\10\Redist\ucrt\DLLs\x64\api-ms-win-crt-runtime-l1-1-0.dll
0x000007fee9290000 - 0x000007fee9294000 	C:\Program Files (x86)\Windows Kits\10\Redist\ucrt\DLLs\x64\api-ms-win-crt-convert-l1-1-0.dll
0x000007fee92a0000 - 0x000007fee92a3000 	C:\Program Files (x86)\Windows Kits\10\Redist\ucrt\DLLs\x64\api-ms-win-crt-environment-l1-1-0.dll
0x000007fee2500000 - 0x000007fee2503000 	C:\Program Files (x86)\Windows Kits\10\Redist\ucrt\DLLs\x64\api-ms-win-crt-time-l1-1-0.dll
0x000007fee2510000 - 0x000007fee2513000 	C:\Program Files (x86)\Windows Kits\10\Redist\ucrt\DLLs\x64\api-ms-win-crt-filesystem-l1-1-0.dll
0x000007fee23d0000 - 0x000007fee23d3000 	C:\Program Files (x86)\Windows Kits\10\Redist\ucrt\DLLs\x64\api-ms-win-crt-utility-l1-1-0.dll
0x000007fee24f0000 - 0x000007fee24f5000 	C:\Program Files (x86)\Windows Kits\10\Redist\ucrt\DLLs\x64\api-ms-win-crt-multibyte-l1-1-0.dll
0x000007fedeff0000 - 0x000007fedf006000 	C:\Windows\System32\vcruntime140.dll
0x000007fef54d0000 - 0x000007fef55c2000 	C:\windows\system32\ucrtbase.DLL
0x000007fef72b0000 - 0x000007fef72b3000 	C:\windows\system32\api-ms-win-core-timezone-l1-1-0.dll
0x000007fef72a0000 - 0x000007fef72a3000 	C:\windows\system32\api-ms-win-core-file-l2-1-0.dll
0x000007fef7290000 - 0x000007fef7293000 	C:\windows\system32\api-ms-win-core-localization-l1-2-0.dll
0x000007fefb900000 - 0x000007fefb903000 	C:\windows\system32\api-ms-win-core-synch-l1-2-0.dll
0x000007fef7280000 - 0x000007fef7283000 	C:\windows\system32\api-ms-win-core-processthreads-l1-1-1.dll
0x000007fef7270000 - 0x000007fef7273000 	C:\windows\system32\api-ms-win-core-file-l1-2-0.dll
0x000007fedb510000 - 0x000007fedb5b6000 	C:\Windows\System32\msvcp140.dll
0x000007fedb8d0000 - 0x000007fedb921000 	C:\Windows\System32\concrt140.dll
0x000007fedba80000 - 0x000007fedbaa7000 	C:\Windows\System32\vcomp140.dll
0x000007fedae60000 - 0x000007fedb1f2000 	C:\Program Files\Java\jdk1.8.0_121\bin\jniopencv_core.dll
0x000007fedaa40000 - 0x000007fedae5c000 	C:\Program Files\Java\jdk1.8.0_121\bin\opencv_imgproc342.dll
0x000007feda430000 - 0x000007feda734000 	C:\Program Files\Java\jdk1.8.0_121\bin\opencv_core342.dll
0x000007feda8e0000 - 0x000007fedaa38000 	C:\Program Files\Java\jdk1.8.0_121\bin\jniopencv_imgproc.dll
0x000007fedba40000 - 0x000007fedba74000 	C:\Program Files\Java\jdk1.8.0_121\bin\jniopencv_imgcodecs.dll
0x000007feda140000 - 0x000007feda424000 	C:\Program Files\Java\jdk1.8.0_121\bin\opencv_imgcodecs342.dll
0x000007fee9360000 - 0x000007fee937f000 	C:\Program Files\Java\jdk1.8.0_121\bin\jniopencv_videoio.dll
0x000007fedb9c0000 - 0x000007fedba3e000 	C:\Program Files\Java\jdk1.8.0_121\bin\opencv_videoio342.dll
0x000007fedb4e0000 - 0x000007fedb509000 	C:\windows\system32\MSVFW32.dll
0x000007fedf010000 - 0x000007fedf02f000 	C:\windows\system32\AVIFIL32.dll
0x000007fefa4b0000 - 0x000007fefa4c8000 	C:\windows\system32\MSACM32.dll
0x000007fedb8b0000 - 0x000007fedb8c7000 	C:\windows\system32\AVICAP32.dll
0x000007fefdbc0000 - 0x000007fefdc9a000 	C:\windows\system32\OLEAUT32.dll
0x000007fefa080000 - 0x000007fefa0ed000 	C:\windows\system32\MFPlat.DLL
0x000007fefa700000 - 0x000007fefa709000 	C:\windows\system32\AVRT.dll
0x000007feeaa90000 - 0x000007feeae81000 	C:\windows\system32\MF.dll
0x000007fefa520000 - 0x000007fefa539000 	C:\windows\system32\ATL.DLL
0x0000000074370000 - 0x0000000074376000 	C:\windows\system32\ksuser.dll
0x000007fedb490000 - 0x000007fedb4d2000 	C:\windows\system32\MFReadWrite.dll
0x000007fefc940000 - 0x000007fefc944000 	C:\windows\system32\api-ms-win-downlevel-shlwapi-l1-1-0.dll
0x000007feda890000 - 0x000007feda8e0000 	C:\Program Files\Java\jdk1.8.0_121\bin\jniopencv_highgui.dll
0x000007feda850000 - 0x000007feda886000 	C:\Program Files\Java\jdk1.8.0_121\bin\opencv_highgui342.dll
0x000007fefd1d0000 - 0x000007fefd267000 	C:\windows\system32\COMDLG32.dll
0x000007fefb230000 - 0x000007fefb286000 	C:\windows\system32\uxtheme.dll
0x000007fefcbb0000 - 0x000007fefcbc8000 	C:\windows\system32\dwmapi.dll
0x000007fefc710000 - 0x000007fefc71f000 	C:\windows\system32\CRYPTBASE.dll
0x000007fef5200000 - 0x000007fef5325000 	C:\windows\system32\dbghelp.dll

VM Arguments:
jvm_args: -javaagent:D:\Program Files\JetBrains\IntelliJ IDEA 2018.2.5\lib\idea_rt.jar=62284:D:\Program Files\JetBrains\IntelliJ IDEA 2018.2.5\bin -Dfile.encoding=UTF-8 
java_command: cn.edu.usts.test.Dev_Test
java_class_path (initial): C:\Program Files\Java\jdk1.8.0_121\jre\lib\charsets.jar;C:\Program Files\Java\jdk1.8.0_121\jre\lib\commons-codec-1.10.jar;C:\Program Files\Java\jdk1.8.0_121\jre\lib\commons-httpclient-3.1.jar;C:\Program Files\Java\jdk1.8.0_121\jre\lib\commons-logging-1.2.jar;C:\Program Files\Java\jdk1.8.0_121\jre\lib\deploy.jar;C:\Program Files\Java\jdk1.8.0_121\jre\lib\ext\access-bridge-64.jar;C:\Program Files\Java\jdk1.8.0_121\jre\lib\ext\cldrdata.jar;C:\Program Files\Java\jdk1.8.0_121\jre\lib\ext\dnsns.jar;C:\Program Files\Java\jdk1.8.0_121\jre\lib\ext\jaccess.jar;C:\Program Files\Java\jdk1.8.0_121\jre\lib\ext\jfxrt.jar;C:\Program Files\Java\jdk1.8.0_121\jre\lib\ext\localedata.jar;C:\Program Files\Java\jdk1.8.0_121\jre\lib\ext\nashorn.jar;C:\Program Files\Java\jdk1.8.0_121\jre\lib\ext\sunec.jar;C:\Program Files\Java\jdk1.8.0_121\jre\lib\ext\sunjce_provider.jar;C:\Program Files\Java\jdk1.8.0_121\jre\lib\ext\sunmscapi.jar;C:\Program Files\Java\jdk1.8.0_121\jre\lib\ext\sunpkcs11.jar;C:\Program Files\Java\jdk1.8.0_121\jre\lib\ext\zipfs.jar;C:\Program Files\Java\jdk1.8.0_121\jre\lib\javaws.jar;C:\Program Files\Java\jdk1.8.0_121\jre\lib\jce.jar;C:\Program Files\Java\jdk1.8.0_121\jre\lib\jcommander-1.48.jar;C:\Program Files\Java\jdk1.8.0_121\jre\lib\jfr.jar;C:\Program Files\Java\jdk1.8.0_121\jre\lib\jfxswt.jar;C:\Program Files\Java\jdk1.8.0_121\jre\lib\jsoup-1.11.3.jar;C:\Program Files\Java\jdk1.8.0_121\jre\lib\jsse.jar;C:\Program Files\Java\jdk1.8.0_121\jre\lib\management-agent.jar;C:\Program Files\Java\jdk1.8.0_121\jre\lib\plugin.jar;C:\Program Files\Java\jdk1.8.0_121\jre\lib\resources.jar;C:\Program Files\Java\jdk1.8.0_121\jre\lib\rt.jar;D:\intellij_workspace\opencv-Java\target\classes;F:\repository\org\bytedeco\javacpp-presets\opencv\3.4.3-1.4.3\opencv-3.4.3-1.4.3.jar;F:\repository\org\bytedeco\javacpp\1.4.3\javacpp-1.4.3.jar;D:\Program Files\JetBrains\IntelliJ IDEA 2018.2.5\lib\idea_rt.jar
Launcher Type: SUN_STANDARD

Environment Variables:
JAVA_HOME=C:\Program Files\Java\jdk1.8.0_121
CLASSPATH=.;C:\Program Files\Java\jdk1.8.0_121\lib\dt.jar;C:\Program Files\Java\jdk1.8.0_121\lib\tools.jar;
PATH=D:\oraclexe\app\oracle\product\10.2.0\server\bin;.;ANDROID_SDK_HOME;GRADLE_USER_HOME;D:\GDAL\bin;C:\Program Files (x86)\Windows Kits\8.1\bin\x64;D:\Program Files\opencv\build-qt\bin;D:\Program Files\opencv\build\x64\vc14\bin;D:\Program Files\dlib_building\lib;D:\Program Files\Python36;D:\ProgramFiles\Qt\Qt5.7.1\5.7\msvc2015_64\bin;C:\apache-tomcat-8.5.23;C:\Program Files (x86)\ZBar\bin;C:\Program Files (x86)\ZBar\lib;C:\Program Files (x86)\ZBar\include;D:\Program Files\Python36;D:\ADB;C:\Python27\Scripts;D:\JAVA Dev\apache-maven-3.5.2\bin;C:\Program Files\MySQL\MySQL Server 5.7\bin;C:\ProgramData\Oracle\Java\javapath;C:\opencv\build\common\tbb\ia32\vc10;C:\opencv\build\x86\vc10\bin;C:\Program Files (x86)\cmder1.3.2_full;.;C:\Program Files\Java\jdk1.8.0_121\bin;C:\windows\system32;C:\windows;C:\windows\System32\Wbem;C:\windows\System32\WindowsPowerShell\v1.0\;c:\Program Files (x86)\Microsoft SQL Server\100\Tools\Binn\;c:\Program Files\Microsoft SQL Server\100\Tools\Binn\;c:\Program Files\Microsoft SQL Server\100\DTS\Binn\;C:\Program Files\Microsoft SQL Server\130\Tools\Binn\;C:\Program Files\CMake\bin;C:\Program Files (x86)\Windows Kits\8.1\Windows Performance Toolkit\;C:\Program Files\Microsoft SQL Server\110\Tools\Binn\;I:\JAVA开发工具\android-sdk-windows\platform-tools;I:\JAVA开发工具\android-sdk-windows\tools;C:\Program Files\Microsoft SQL Server\120\Tools\Binn\;C:\Program Files\VisualSVN Server\bin;C:\Program Files (x86)\PuTTY\;D:\Program Files\Microsoft VS Code\bin;D:\Program Files\Git\cmd;D:\Program Files\Python36\Scripts\;D:\Program Files\Python36\
USERNAME=Administrator
OS=Windows_NT
PROCESSOR_IDENTIFIER=Intel64 Family 6 Model 61 Stepping 4, GenuineIntel



---------------  S Y S T E M  ---------------

OS: Windows 7 , 64 bit Build 7601 (6.1.7601.23796)

CPU:total 4 (2 cores per cpu, 2 threads per core) family 6 model 61 stepping 4, cmov, cx8, fxsr, mmx, sse, sse2, sse3, ssse3, sse4.1, sse4.2, popcnt, avx, avx2, aes, clmul, erms, 3dnowpref, lzcnt, ht, tsc, tscinvbit, bmi1, bmi2, adx

Memory: 4k page, physical 8306228k(2452364k free), swap 16610596k(9987836k free)

vm_info: Java HotSpot(TM) 64-Bit Server VM (25.121-b13) for windows-amd64 JRE (1.8.0_121-b13), built on Dec 12 2016 18:21:36 by "java_re" with MS VC++ 10.0 (VS2010)

time: Sat Jul 20 21:25:21 2019
elapsed time: 2 seconds (0d 0h 0m 2s)

